0 info it worked if it ends with ok
1 verbose cli [ 'node', '/usr/local/bin/npm', 'install', 'fs' ]
2 info using npm@1.3.11
3 info using node@v0.10.21
4 verbose cache add [ 'fs', null ]
5 verbose cache add name=undefined spec="fs" args=["fs",null]
6 verbose parsed url { protocol: null,
6 verbose parsed url   slashes: null,
6 verbose parsed url   auth: null,
6 verbose parsed url   host: null,
6 verbose parsed url   port: null,
6 verbose parsed url   hostname: null,
6 verbose parsed url   hash: null,
6 verbose parsed url   search: null,
6 verbose parsed url   query: null,
6 verbose parsed url   pathname: 'fs',
6 verbose parsed url   path: 'fs',
6 verbose parsed url   href: 'fs' }
7 silly lockFile 3f4bb586-fs fs
8 verbose lock fs /Users/dev/.npm/3f4bb586-fs.lock
9 silly lockFile 3f4bb586-fs fs
10 silly lockFile 3f4bb586-fs fs
11 verbose addNamed [ 'fs', '' ]
12 verbose addNamed [ null, '*' ]
13 silly lockFile a107b96b-fs fs@
14 verbose lock fs@ /Users/dev/.npm/a107b96b-fs.lock
15 silly addNameRange { name: 'fs', range: '*', hasData: false }
16 verbose url raw fs
17 verbose url resolving [ 'https://registry.npmjs.org/', './fs' ]
18 verbose url resolved https://registry.npmjs.org/fs
19 info trying registry request attempt 1 at 20:44:49
20 verbose etag "5BQZWWEVHQEXWCPP0V3B1TODR"
21 http GET https://registry.npmjs.org/fs
22 http 404 https://registry.npmjs.org/fs
23 silly registry.get cb [ 404,
23 silly registry.get   { date: 'Sun, 27 Jul 2014 00:44:35 GMT',
23 silly registry.get     server: 'CouchDB/1.5.0 (Erlang OTP/R16B03)',
23 silly registry.get     etag: '"5BQZWWEVHQEXWCPP0V3B1TODR"',
23 silly registry.get     'content-type': 'application/json',
23 silly registry.get     'cache-control': 'max-age=0',
23 silly registry.get     'content-length': '397',
23 silly registry.get     'accept-ranges': 'bytes',
23 silly registry.get     via: '1.1 varnish',
23 silly registry.get     age: '0',
23 silly registry.get     'x-served-by': 'cache-jfk1034-JFK',
23 silly registry.get     'x-cache': 'MISS',
23 silly registry.get     'x-cache-hits': '0',
23 silly registry.get     'x-timer': 'S1406421875.265422,VS0,VE32',
23 silly registry.get     vary: 'Accept',
23 silly registry.get     'keep-alive': 'timeout=10, max=50',
23 silly registry.get     connection: 'Keep-Alive' } ]
24 silly addNameRange number 2 { name: 'fs', range: '*', hasData: true }
25 silly addNameRange versions [ 'fs', [] ]
26 error TypeError: Cannot read property 'latest' of undefined
26 error     at next (/usr/local/lib/node_modules/npm/lib/cache.js:687:35)
26 error     at /usr/local/lib/node_modules/npm/lib/cache.js:675:5
26 error     at saved (/usr/local/lib/node_modules/npm/node_modules/npm-registry-client/lib/get.js:142:7)
26 error     at /usr/local/lib/node_modules/npm/node_modules/graceful-fs/polyfills.js:133:7
26 error     at Object.oncomplete (fs.js:107:15)
27 error If you need help, you may report this log at:
27 error     <http://github.com/isaacs/npm/issues>
27 error or email it to:
27 error     <npm-@googlegroups.com>
28 error System Darwin 12.4.0
29 error command "node" "/usr/local/bin/npm" "install" "fs"
30 error cwd /Users/dev/Documents/workspace/Scrape/scrape
31 error node -v v0.10.21
32 error npm -v 1.3.11
33 error type non_object_property_load
34 verbose exit [ 1, true ]
